# Licensed to the Apache Software Foundation (ASF) under one or more
# contributor license agreements.  See the NOTICE file distributed with
# this work for additional information regarding copyright ownership.
# The ASF licenses this file to You under the Apache License, Version 2.0
# (the "License"); you may not use this file except in compliance with
# the License.  You may obtain a copy of the License at
#
#     http://www.apache.org/licenses/LICENSE-2.0
#
# Unless required by applicable law or agreed to in writing, software
# distributed under the License is distributed on an "AS IS" BASIS,
# WITHOUT WARRANTIES OR CONDITIONS OF ANY KIND, either express or implied.
# See the License for the specific language governing permissions and
# limitations under the License.

handlers = 1catalina.org.apache.juli.AsyncFileHandler, 2localhost.org.apache.juli.AsyncFileHandler, 3manager.org.apac
he.juli.AsyncFileHandler, 4host-manager.org.apache.juli.AsyncFileHandler, java.util.logging.ConsoleHandler

.handlers = 1catalina.org.apache.juli.AsyncFileHandler, java.util.logging.ConsoleHandler

############################################################
# Handler specific properties.
# Describes specific configuration info for Handlers.
############################################################

1catalina.org.apache.juli.AsyncFileHandler.level = FINE
1catalina.org.apache.juli.AsyncFileHandler.directory = ${catalina.base}/logs
1catalina.org.apache.juli.AsyncFileHandler.prefix = catalina.
1catalina.org.apache.juli.AsyncFileHandler.encoding = UTF-8

2localhost.org.apache.juli.AsyncFileHandler.level = FINE
2localhost.org.apache.juli.AsyncFileHandler.directory = ${catalina.base}/logs
2localhost.org.apache.juli.AsyncFileHandler.prefix = localhost.
2localhost.org.apache.juli.AsyncFileHandler.encoding = UTF-8

3manager.org.apache.juli.AsyncFileHandler.level = FINE
3manager.org.apache.juli.AsyncFileHandler.directory = ${catalina.base}/logs
3manager.org.apache.juli.AsyncFileHandler.prefix = manager.
3manager.org.apache.juli.AsyncFileHandler.encoding = UTF-8

4host-manager.org.apache.juli.AsyncFileHandler.level = FINE
4host-manager.org.apache.juli.AsyncFileHandler.directory = ${catalina.base}/logs
4host-manager.org.apache.juli.AsyncFileHandler.prefix = host-manager.
4host-manager.org.apache.juli.AsyncFileHandler.encoding = UTF-8

java.util.logging.ConsoleHandler.level = FINE
java.util.logging.ConsoleHandler.formatter = org.apache.juli.OneLineFormatter
java.util.logging.ConsoleHandler.encoding = UTF-8


############################################################
# Facility specific properties.
# Provides extra control for each logger.
############################################################

org.apache.catalina.core.ContainerBase.[Catalina].[localhost].level = INFO
org.apache.catalina.core.ContainerBase.[Catalina].[localhost].handlers = 2localhost.org.apache.juli.AsyncFileHandler 

org.apache.catalina.core.ContainerBase.[Catalina].[localhost].[/manager].level = INFO
org.apache.catalina.core.ContainerBase.[Catalina].[localhost].[/manager].handlers = 3manager.org.apache.juli.AsyncFil
eHandler

org.apache.catalina.core.ContainerBase.[Catalina].[localhost].[/host-manager].level = INFO
org.apache.catalina.core.ContainerBase.[Catalina].[localhost].[/host-manager].handlers = 4host-manager.org.apache.juli.AsyncFileHandler

# For example, set the org.apache.catalina.util.LifecycleBase logger to log
# each component that extends LifecycleBase changing state:
#org.apache.catalina.util.LifecycleBase.level = FINE

# To see debug messages in TldLocationsCache, uncomment the following line:
#org.apache.jasper.compiler.TldLocationsCache.level = FINE

# To see debug messages for HTTP/2 handling, uncomment the following line:
#org.apache.coyote.http2.level = FINE

# To see debug messages for WebSocket handling, uncomment the following line:
#org.apache.tomcat.websocket.level = FINE


https://tomcat.apache.org/tomcat-7.0-doc/api/org/apache/juli/FileHandler.html


The following configuration properties are available:

directory - The directory where to create the log file. If the path is not absolute, it is relative to the current working directory of the application. The Apache Tomcat configuration files usually specify an absolute path for this property, ${catalina.base}/logs Default value: logs
rotatable - If true, the log file will be rotated on the first write past midnight and the filename will be {prefix}{date}{suffix}, where date is yyyy-MM-dd. If false, the file will not be rotated and the filename will be {prefix}{suffix}. Default value: true
prefix - The leading part of the log file name. Default value: juli.
suffix - The trailing part of the log file name. Default value: .log
bufferSize - Configures buffering. The value of 0 uses system default buffering (typically an 8K buffer will be used). A value of <0 forces a writer flush upon each log write. A value >0 uses a BufferedOutputStream with the defined value but note that the system default buffering will also be applied. Default value: -1
encoding - Character set used by the log file. Default value: empty string, which means to use the system default character set.
level - The level threshold for this Handler. See the java.util.logging.Level class for the possible levels. Default value: ALL
filter - The java.util.logging.Filter implementation class name for this Handler. Default value: unset
formatter - The java.util.logging.Formatter implementation class name for this Handler. Default value: java.util.logging.SimpleFormatter
maxDays - The maximum number of days to keep the log files. If the specified value is <=0 then the log files will be kept on the file system forever, otherwise they will be kept the specified maximum days. Default value: -1.


1catalina.org.apache.juli.FileHandler.level = FINE
1catalina.org.apache.juli.FileHandler.directory = ${catalina.base}/logs
1catalina.org.apache.juli.FileHandler.prefix = catalina.
1catalina.org.apache.juli.FileHandler.suffix = .%g
1catalina.org.apache.juli.FileHandler.rotatable = true
1catalina.org.apache.juli.FileHandler.maxDays = 1

